#
# There is insufficient memory for the Java Runtime Environment to continue.
# Native memory allocation (malloc) failed to allocate 1227536 bytes for Chunk::new
# Possible reasons:
#   The system is out of physical RAM or swap space
#   The process is running with CompressedOops enabled, and the Java Heap may be blocking the growth of the native heap
# Possible solutions:
#   Reduce memory load on the system
#   Increase physical memory or swap space
#   Check if swap backing store is full
#   Decrease Java heap size (-Xmx/-Xms)
#   Decrease number of Java threads
#   Decrease Java thread stack sizes (-Xss)
#   Set larger code cache with -XX:ReservedCodeCacheSize=
#   JVM is running with Unscaled Compressed Oops mode in which the Java heap is
#     placed in the first 4GB address space. The Java Heap base address is the
#     maximum limit for the native heap growth. Please use -XX:HeapBaseMinAddress
#     to set the Java Heap base and to place the Java Heap above 4GB virtual address.
# This output file may be truncated or incomplete.
#
#  Out of Memory Error (allocation.cpp:390), pid=8540, tid=0x0000000000002828
#
# JRE version: Java(TM) SE Runtime Environment (8.0_201-b09) (build 1.8.0_201-b09)
# Java VM: Java HotSpot(TM) 64-Bit Server VM (25.201-b09 mixed mode windows-amd64 compressed oops)
# Failed to write core dump. Minidumps are not enabled by default on client versions of Windows
#

---------------  T H R E A D  ---------------

Current thread (0x0000000014c57800):  JavaThread "C2 CompilerThread1" daemon [_thread_in_native, id=10280, stack(0x0000000016360000,0x0000000016460000)]

Stack: [0x0000000016360000,0x0000000016460000]
[error occurred during error reporting (printing stack bounds), id 0xc0000005]

Native frames: (J=compiled Java code, j=interpreted, Vv=VM code, C=native code)


Current CompileTask:
C2:  31988 3417   !   4       com.google.inject.spi.InjectionPoint::getInjectionPoints (489 bytes)


---------------  P R O C E S S  ---------------

Java Threads: ( => current thread )
  0x0000000016581000 JavaThread "Service Thread" daemon [_thread_blocked, id=11168, stack(0x0000000016960000,0x0000000016a60000)]
  0x0000000014c5a000 JavaThread "C1 CompilerThread2" daemon [_thread_blocked, id=10184, stack(0x0000000016460000,0x0000000016560000)]
=>0x0000000014c57800 JavaThread "C2 CompilerThread1" daemon [_thread_in_native, id=10280, stack(0x0000000016360000,0x0000000016460000)]
  0x0000000014c08800 JavaThread "C2 CompilerThread0" daemon [_thread_blocked, id=6540, stack(0x0000000016260000,0x0000000016360000)]
  0x0000000014c07000 JavaThread "Attach Listener" daemon [_thread_blocked, id=10084, stack(0x0000000016160000,0x0000000016260000)]
  0x0000000014c04000 JavaThread "Signal Dispatcher" daemon [_thread_blocked, id=9240, stack(0x0000000016060000,0x0000000016160000)]
  0x000000000262c800 JavaThread "Finalizer" daemon [_thread_blocked, id=5012, stack(0x0000000015e60000,0x0000000015f60000)]
  0x0000000014bea000 JavaThread "Reference Handler" daemon [_thread_blocked, id=9916, stack(0x0000000015d60000,0x0000000015e60000)]
  0x0000000002532800 JavaThread "main" [_thread_in_native, id=8384, stack(0x0000000002430000,0x0000000002530000)]

Other Threads:
  0x0000000014bc8000 VMThread [stack: 0x0000000015c60000,0x0000000015d60000] [id=2628]
  0x0000000016583800 WatcherThread [stack: 0x0000000016a60000,0x0000000016b60000] [id=3512]

VM state:not at safepoint (normal execution)

VM Mutex/Monitor currently owned by a thread: None

heap address: 0x00000000c1c00000, size: 996 MB, Compressed Oops mode: 32-bit
Narrow klass base: 0x0000000000000000, Narrow klass shift: 3
Compressed class space size: 1073741824 Address: 0x0000000100000000

Heap:
 PSYoungGen      total 34304K, used 20403K [0x00000000eb400000, 0x00000000efb80000, 0x0000000100000000)
  eden space 30208K, 53% used [0x00000000eb400000,0x00000000ec3ecc98,0x00000000ed180000)
  from space 4096K, 100% used [0x00000000ef780000,0x00000000efb80000,0x00000000efb80000)
  to   space 8192K, 0% used [0x00000000eeb80000,0x00000000eeb80000,0x00000000ef380000)
 ParOldGen       total 44032K, used 13958K [0x00000000c1c00000, 0x00000000c4700000, 0x00000000eb400000)
  object space 44032K, 31% used [0x00000000c1c00000,0x00000000c29a1ad8,0x00000000c4700000)
 Metaspace       used 18486K, capacity 18970K, committed 19072K, reserved 1067008K
  class space    used 2171K, capacity 2335K, committed 2432K, reserved 1048576K

Card table byte_map: [0x00000000119f0000,0x0000000011bf0000] byte_map_base: 0x00000000113e2000

Marking Bits: (ParMarkBitMap*) 0x0000000077094ce0
 Begin Bits: [0x0000000012140000, 0x00000000130d0000)
 End Bits:   [0x00000000130d0000, 0x0000000014060000)

Polling page: 0x00000000007f0000

CodeCache: size=245760Kb used=11185Kb max_used=11185Kb free=234574Kb
 bounds [0x0000000002630000, 0x0000000003130000, 0x0000000011630000]
 total_blobs=3546 nmethods=3180 adapters=278
 compilation: enabled

Compilation events (10 events):
Event: 31.474 Thread 0x0000000014c5a000 nmethod 3449 0x0000000002c25c90 code [0x0000000002c25e00, 0x0000000002c25ff0]
Event: 31.474 Thread 0x0000000014c5a000 3450       1       org.eclipse.sisu.inject.DefaultRankingFunction::maxRank (3 bytes)
Event: 31.474 Thread 0x0000000014c5a000 nmethod 3450 0x0000000002c259d0 code [0x0000000002c25b20, 0x0000000002c25c30]
Event: 31.553 Thread 0x0000000014c08800 nmethod 3451 0x0000000003114450 code [0x0000000003114760, 0x0000000003115fd8]
Event: 31.553 Thread 0x0000000014c08800 3452   !   4       org.codehaus.plexus.interpolation.ObjectBasedValueSource::getValue (66 bytes)
Event: 31.705 Thread 0x0000000014c5a000 3459       3       org.codehaus.plexus.util.xml.pull.MXParser::parseXmlDecl (268 bytes)
Event: 31.707 Thread 0x0000000014c5a000 nmethod 3459 0x00000000028cda90 code [0x00000000028cdec0, 0x00000000028d02c8]
Event: 31.804 Thread 0x0000000014c08800 nmethod 3452 0x000000000311d590 code [0x000000000311d980, 0x00000000031213a8]
Event: 31.804 Thread 0x0000000014c08800 3458       4       org.apache.maven.model.merge.ModelMerger$DependencyKeyComputer::<init> (6 bytes)
Event: 31.805 Thread 0x0000000014c08800 nmethod 3458 0x00000000027c9a50 code [0x00000000027c9b80, 0x00000000027c9bf8]

GC Heap History (10 events):
Event: 3.934 GC heap before
{Heap before GC invocations=4 (full 0):
 PSYoungGen      total 18944K, used 18919K [0x00000000eb400000, 0x00000000ed900000, 0x0000000100000000)
  eden space 16384K, 100% used [0x00000000eb400000,0x00000000ec400000,0x00000000ec400000)
  from space 2560K, 99% used [0x00000000ec400000,0x00000000ec679ff8,0x00000000ec680000)
  to   space 2560K, 0% used [0x00000000ed680000,0x00000000ed680000,0x00000000ed900000)
 ParOldGen       total 44032K, used 3188K [0x00000000c1c00000, 0x00000000c4700000, 0x00000000eb400000)
  object space 44032K, 7% used [0x00000000c1c00000,0x00000000c1f1d2e0,0x00000000c4700000)
 Metaspace       used 11407K, capacity 11580K, committed 11776K, reserved 1058816K
  class space    used 1411K, capacity 1511K, committed 1536K, reserved 1048576K
Event: 3.949 GC heap after
Heap after GC invocations=4 (full 0):
 PSYoungGen      total 35328K, used 2528K [0x00000000eb400000, 0x00000000ed900000, 0x0000000100000000)
  eden space 32768K, 0% used [0x00000000eb400000,0x00000000eb400000,0x00000000ed400000)
  from space 2560K, 98% used [0x00000000ed680000,0x00000000ed8f8020,0x00000000ed900000)
  to   space 2560K, 0% used [0x00000000ed400000,0x00000000ed400000,0x00000000ed680000)
 ParOldGen       total 44032K, used 5202K [0x00000000c1c00000, 0x00000000c4700000, 0x00000000eb400000)
  object space 44032K, 11% used [0x00000000c1c00000,0x00000000c21149e8,0x00000000c4700000)
 Metaspace       used 11407K, capacity 11580K, committed 11776K, reserved 1058816K
  class space    used 1411K, capacity 1511K, committed 1536K, reserved 1048576K
}
Event: 9.383 GC heap before
{Heap before GC invocations=5 (full 0):
 PSYoungGen      total 35328K, used 35296K [0x00000000eb400000, 0x00000000ed900000, 0x0000000100000000)
  eden space 32768K, 100% used [0x00000000eb400000,0x00000000ed400000,0x00000000ed400000)
  from space 2560K, 98% used [0x00000000ed680000,0x00000000ed8f8020,0x00000000ed900000)
  to   space 2560K, 0% used [0x00000000ed400000,0x00000000ed400000,0x00000000ed680000)
 ParOldGen       total 44032K, used 5202K [0x00000000c1c00000, 0x00000000c4700000, 0x00000000eb400000)
  object space 44032K, 11% used [0x00000000c1c00000,0x00000000c21149e8,0x00000000c4700000)
 Metaspace       used 15146K, capacity 15410K, committed 15616K, reserved 1062912K
  class space    used 1842K, capacity 1944K, committed 2048K, reserved 1048576K
Event: 9.405 GC heap after
Heap after GC invocations=5 (full 0):
 PSYoungGen      total 35328K, used 2544K [0x00000000eb400000, 0x00000000f0200000, 0x0000000100000000)
  eden space 32768K, 0% used [0x00000000eb400000,0x00000000eb400000,0x00000000ed400000)
  from space 2560K, 99% used [0x00000000ed400000,0x00000000ed67c010,0x00000000ed680000)
  to   space 7168K, 0% used [0x00000000efb00000,0x00000000efb00000,0x00000000f0200000)
 ParOldGen       total 44032K, used 9760K [0x00000000c1c00000, 0x00000000c4700000, 0x00000000eb400000)
  object space 44032K, 22% used [0x00000000c1c00000,0x00000000c25882d0,0x00000000c4700000)
 Metaspace       used 15146K, capacity 15410K, committed 15616K, reserved 1062912K
  class space    used 1842K, capacity 1944K, committed 2048K, reserved 1048576K
}
Event: 15.459 GC heap before
{Heap before GC invocations=6 (full 0):
 PSYoungGen      total 35328K, used 35312K [0x00000000eb400000, 0x00000000f0200000, 0x0000000100000000)
  eden space 32768K, 100% used [0x00000000eb400000,0x00000000ed400000,0x00000000ed400000)
  from space 2560K, 99% used [0x00000000ed400000,0x00000000ed67c010,0x00000000ed680000)
  to   space 7168K, 0% used [0x00000000efb00000,0x00000000efb00000,0x00000000f0200000)
 ParOldGen       total 44032K, used 9760K [0x00000000c1c00000, 0x00000000c4700000, 0x00000000eb400000)
  object space 44032K, 22% used [0x00000000c1c00000,0x00000000c25882d0,0x00000000c4700000)
 Metaspace       used 15727K, capacity 15972K, committed 16128K, reserved 1062912K
  class space    used 1873K, capacity 1979K, committed 2048K, reserved 1048576K
Event: 15.496 GC heap after
Heap after GC invocations=6 (full 0):
 PSYoungGen      total 36864K, used 4900K [0x00000000eb400000, 0x00000000f0000000, 0x0000000100000000)
  eden space 31744K, 0% used [0x00000000eb400000,0x00000000eb400000,0x00000000ed300000)
  from space 5120K, 95% used [0x00000000efb00000,0x00000000effc92b8,0x00000000f0000000)
  to   space 7168K, 0% used [0x00000000ef200000,0x00000000ef200000,0x00000000ef900000)
 ParOldGen       total 44032K, used 9760K [0x00000000c1c00000, 0x00000000c4700000, 0x00000000eb400000)
  object space 44032K, 22% used [0x00000000c1c00000,0x00000000c25882d0,0x00000000c4700000)
 Metaspace       used 15727K, capacity 15972K, committed 16128K, reserved 1062912K
  class space    used 1873K, capacity 1979K, committed 2048K, reserved 1048576K
}
Event: 24.405 GC heap before
{Heap before GC invocations=7 (full 0):
 PSYoungGen      total 36864K, used 36644K [0x00000000eb400000, 0x00000000f0000000, 0x0000000100000000)
  eden space 31744K, 100% used [0x00000000eb400000,0x00000000ed300000,0x00000000ed300000)
  from space 5120K, 95% used [0x00000000efb00000,0x00000000effc92b8,0x00000000f0000000)
  to   space 7168K, 0% used [0x00000000ef200000,0x00000000ef200000,0x00000000ef900000)
 ParOldGen       total 44032K, used 9760K [0x00000000c1c00000, 0x00000000c4700000, 0x00000000eb400000)
  object space 44032K, 22% used [0x00000000c1c00000,0x00000000c25882d0,0x00000000c4700000)
 Metaspace       used 16294K, capacity 16604K, committed 16896K, reserved 1064960K
  class space    used 1910K, capacity 2019K, committed 2048K, reserved 1048576K
Event: 24.418 GC heap after
Heap after GC invocations=7 (full 0):
 PSYoungGen      total 36352K, used 5323K [0x00000000eb400000, 0x00000000efb80000, 0x0000000100000000)
  eden space 30720K, 0% used [0x00000000eb400000,0x00000000eb400000,0x00000000ed200000)
  from space 5632K, 94% used [0x00000000ef200000,0x00000000ef732c60,0x00000000ef780000)
  to   space 4096K, 0% used [0x00000000ef780000,0x00000000ef780000,0x00000000efb80000)
 ParOldGen       total 44032K, used 10652K [0x00000000c1c00000, 0x00000000c4700000, 0x00000000eb400000)
  object space 44032K, 24% used [0x00000000c1c00000,0x00000000c2667370,0x00000000c4700000)
 Metaspace       used 16294K, capacity 16604K, committed 16896K, reserved 1064960K
  class space    used 1910K, capacity 2019K, committed 2048K, reserved 1048576K
}
Event: 28.494 GC heap before
{Heap before GC invocations=8 (full 0):
 PSYoungGen      total 36352K, used 36043K [0x00000000eb400000, 0x00000000efb80000, 0x0000000100000000)
  eden space 30720K, 100% used [0x00000000eb400000,0x00000000ed200000,0x00000000ed200000)
  from space 5632K, 94% used [0x00000000ef200000,0x00000000ef732c60,0x00000000ef780000)
  to   space 4096K, 0% used [0x00000000ef780000,0x00000000ef780000,0x00000000efb80000)
 ParOldGen       total 44032K, used 10652K [0x00000000c1c00000, 0x00000000c4700000, 0x00000000eb400000)
  object space 44032K, 24% used [0x00000000c1c00000,0x00000000c2667370,0x00000000c4700000)
 Metaspace       used 17858K, capacity 18338K, committed 18432K, reserved 1064960K
  class space    used 2126K, capacity 2300K, committed 2304K, reserved 1048576K
Event: 28.541 GC heap after
Heap after GC invocations=8 (full 0):
 PSYoungGen      total 34304K, used 4096K [0x00000000eb400000, 0x00000000efb80000, 0x0000000100000000)
  eden space 30208K, 0% used [0x00000000eb400000,0x00000000eb400000,0x00000000ed180000)
  from space 4096K, 100% used [0x00000000ef780000,0x00000000efb80000,0x00000000efb80000)
  to   space 8192K, 0% used [0x00000000eeb80000,0x00000000eeb80000,0x00000000ef380000)
 ParOldGen       total 44032K, used 13958K [0x00000000c1c00000, 0x00000000c4700000, 0x00000000eb400000)
  object space 44032K, 31% used [0x00000000c1c00000,0x00000000c29a1ad8,0x00000000c4700000)
 Metaspace       used 17858K, capacity 18338K, committed 18432K, reserved 1064960K
  class space    used 2126K, capacity 2300K, committed 2304K, reserved 1048576K
}

Deoptimization events (10 events):
Event: 24.844 Thread 0x0000000002532800 Uncommon trap: reason=array_check action=maybe_recompile pc=0x00000000030a7f4c method=java.util.TimSort.binarySort([Ljava/lang/Object;IIILjava/util/Comparator;)V @ 193
Event: 24.872 Thread 0x0000000002532800 Uncommon trap: reason=array_check action=maybe_recompile pc=0x00000000030a8d50 method=java.util.TimSort.binarySort([Ljava/lang/Object;IIILjava/util/Comparator;)V @ 183
Event: 24.873 Thread 0x0000000002532800 Uncommon trap: reason=array_check action=maybe_recompile pc=0x00000000030a8d50 method=java.util.TimSort.binarySort([Ljava/lang/Object;IIILjava/util/Comparator;)V @ 183
Event: 24.894 Thread 0x0000000002532800 Uncommon trap: reason=unstable_if action=reinterpret pc=0x00000000030abba0 method=org.codehaus.plexus.classworlds.realm.Entry.matches(Ljava/lang/String;)Z @ 150
Event: 25.197 Thread 0x0000000002532800 Uncommon trap: reason=class_check action=maybe_recompile pc=0x0000000002b18808 method=com.google.inject.internal.LinkedBindingImpl.acceptTargetVisitor(Lcom/google/inject/spi/BindingTargetVisitor;)Ljava/lang/Object; @ 2
Event: 25.197 Thread 0x0000000002532800 Uncommon trap: reason=class_check action=maybe_recompile pc=0x0000000002b18808 method=com.google.inject.internal.LinkedBindingImpl.acceptTargetVisitor(Lcom/google/inject/spi/BindingTargetVisitor;)Ljava/lang/Object; @ 2
Event: 25.208 Thread 0x0000000002532800 Uncommon trap: reason=null_check action=make_not_entrant pc=0x0000000002fd12f4 method=com.google.inject.internal.InjectorImpl.enterContext()Lcom/google/inject/internal/InternalContext; @ 7
Event: 28.380 Thread 0x0000000002532800 Uncommon trap: reason=unstable_if action=reinterpret pc=0x0000000003065e70 method=java.util.IdentityHashMap.closeDeletion(I)V @ 22
Event: 28.713 Thread 0x0000000002532800 Uncommon trap: reason=unstable_if action=reinterpret pc=0x0000000002997274 method=java.util.concurrent.ConcurrentHashMap.putVal(Ljava/lang/Object;Ljava/lang/Object;Z)Ljava/lang/Object; @ 206
Event: 30.205 Thread 0x0000000002532800 Uncommon trap: reason=null_check action=make_not_entrant pc=0x000000000310f5e0 method=org.codehaus.plexus.interpolation.reflection.ReflectionValueExtractor.getClassMap(Ljava/lang/Class;)Lorg/codehaus/plexus/interpolation/reflection/ClassMap; @ 21

Classes redefined (0 events):
No events

Internal exceptions (10 events):
Event: 7.300 Thread 0x0000000002532800 Exception <a 'java/lang/NullPointerException'> (0x00000000ec5cefb0) thrown at [C:\re\workspace\8-2-build-windows-amd64-cygwin\jdk8u201\12322\hotspot\src\share\vm\interpreter\linkResolver.cpp, line 1185]
Event: 7.300 Thread 0x0000000002532800 Exception <a 'java/lang/NullPointerException'> (0x00000000ec5cf1c8) thrown at [C:\re\workspace\8-2-build-windows-amd64-cygwin\jdk8u201\12322\hotspot\src\share\vm\interpreter\linkResolver.cpp, line 1185]
Event: 7.303 Thread 0x0000000002532800 Exception <a 'java/lang/NullPointerException'> (0x00000000ec5d77c8) thrown at [C:\re\workspace\8-2-build-windows-amd64-cygwin\jdk8u201\12322\hotspot\src\share\vm\interpreter\linkResolver.cpp, line 1185]
Event: 7.303 Thread 0x0000000002532800 Exception <a 'java/lang/NullPointerException'> (0x00000000ec5d79e0) thrown at [C:\re\workspace\8-2-build-windows-amd64-cygwin\jdk8u201\12322\hotspot\src\share\vm\interpreter\linkResolver.cpp, line 1185]
Event: 7.303 Thread 0x0000000002532800 Exception <a 'java/lang/NullPointerException'> (0x00000000ec5d7bf8) thrown at [C:\re\workspace\8-2-build-windows-amd64-cygwin\jdk8u201\12322\hotspot\src\share\vm\interpreter\linkResolver.cpp, line 1185]
Event: 9.016 Thread 0x0000000002532800 Implicit null exception at 0x0000000002c7160a to 0x0000000002c718b1
Event: 13.565 Thread 0x0000000002532800 Implicit null exception at 0x00000000029d5b95 to 0x00000000029d5d65
Event: 13.571 Thread 0x0000000002532800 Implicit null exception at 0x0000000002a195ef to 0x0000000002a19659
Event: 25.208 Thread 0x0000000002532800 Implicit null exception at 0x0000000002fd0ebd to 0x0000000002fd12e5
Event: 30.205 Thread 0x0000000002532800 Implicit null exception at 0x000000000310ceb3 to 0x000000000310f5b1

Events (10 events):
Event: 31.341 loading class org/apache/maven/plugin/surefire/SurefireHelper
Event: 31.341 loading class org/apache/maven/plugin/surefire/SurefireHelper done
Event: 31.341 loading class org/apache/maven/plugin/surefire/SurefireHelper
Event: 31.341 loading class org/apache/maven/plugin/surefire/SurefireHelper done
Event: 31.341 loading class org/apache/maven/plugin/surefire/SurefireHelper
Event: 31.341 loading class org/apache/maven/plugin/surefire/SurefireHelper done
Event: 31.342 loading class java/lang/IllegalAccessError
Event: 31.342 loading class java/lang/IllegalAccessError done
Event: 31.662 loading class org/apache/maven/model/merge/ModelMerger$1
Event: 31.662 loading class org/apache/maven/model/merge/ModelMerger$1 done


Dynamic libraries:
0x00007ff6ea1e0000 - 0x00007ff6ea217000 	C:\Program Files\Java\jdk1.8.0_201\bin\java.exe
0x00007ff8d1d40000 - 0x00007ff8d1f30000 	C:\WINDOWS\SYSTEM32\ntdll.dll
0x00007ff8d12c0000 - 0x00007ff8d1372000 	C:\WINDOWS\System32\KERNEL32.DLL
0x00007ff8cf910000 - 0x00007ff8cfbb5000 	C:\WINDOWS\System32\KERNELBASE.dll
0x00007ff8d10c0000 - 0x00007ff8d1163000 	C:\WINDOWS\System32\ADVAPI32.dll
0x00007ff8d1380000 - 0x00007ff8d141e000 	C:\WINDOWS\System32\msvcrt.dll
0x00007ff8d1760000 - 0x00007ff8d17f7000 	C:\WINDOWS\System32\sechost.dll
0x00007ff8d1be0000 - 0x00007ff8d1d00000 	C:\WINDOWS\System32\RPCRT4.dll
0x00007ff8d0620000 - 0x00007ff8d07b5000 	C:\WINDOWS\System32\USER32.dll
0x00007ff8cfd10000 - 0x00007ff8cfd31000 	C:\WINDOWS\System32\win32u.dll
0x00007ff8d1810000 - 0x00007ff8d1836000 	C:\WINDOWS\System32\GDI32.dll
0x00007ff8cecd0000 - 0x00007ff8cee66000 	C:\WINDOWS\System32\gdi32full.dll
0x00007ff8cf810000 - 0x00007ff8cf8ae000 	C:\WINDOWS\System32\msvcp_win.dll
0x00007ff8cfbe0000 - 0x00007ff8cfcda000 	C:\WINDOWS\System32\ucrtbase.dll
0x00007ff8bc690000 - 0x00007ff8bc914000 	C:\WINDOWS\WinSxS\amd64_microsoft.windows.common-controls_6595b64144ccf1df_6.0.18362.1082_none_9e8193e1e45b25c1\COMCTL32.dll
0x00007ff8d1420000 - 0x00007ff8d1755000 	C:\WINDOWS\System32\combase.dll
0x00007ff8cf5f0000 - 0x00007ff8cf670000 	C:\WINDOWS\System32\bcryptPrimitives.dll
0x00007ff8d0290000 - 0x00007ff8d02be000 	C:\WINDOWS\System32\IMM32.DLL
0x0000000077620000 - 0x00000000776f1000 	C:\Program Files\Java\jdk1.8.0_201\jre\bin\msvcr100.dll
0x0000000076870000 - 0x0000000077114000 	C:\Program Files\Java\jdk1.8.0_201\jre\bin\server\jvm.dll
0x00007ff8d1800000 - 0x00007ff8d1808000 	C:\WINDOWS\System32\PSAPI.DLL
0x00007ff8ca5f0000 - 0x00007ff8ca5f9000 	C:\WINDOWS\SYSTEM32\WSOCK32.dll
0x00007ff8d05b0000 - 0x00007ff8d061f000 	C:\WINDOWS\System32\WS2_32.dll
0x00007ff8c6ab0000 - 0x00007ff8c6aba000 	C:\WINDOWS\SYSTEM32\VERSION.dll
0x00007ff8c5b60000 - 0x00007ff8c5b84000 	C:\WINDOWS\SYSTEM32\WINMM.dll
0x00007ff8c6ac0000 - 0x00007ff8c6aed000 	C:\WINDOWS\SYSTEM32\WINMMBASE.dll
0x00007ff8cf670000 - 0x00007ff8cf6ba000 	C:\WINDOWS\System32\cfgmgr32.dll
0x00007ff8c96f0000 - 0x00007ff8c96ff000 	C:\Program Files\Java\jdk1.8.0_201\jre\bin\verify.dll
0x00007ff8c61e0000 - 0x00007ff8c6209000 	C:\Program Files\Java\jdk1.8.0_201\jre\bin\java.dll
0x00007ff8c7730000 - 0x00007ff8c7746000 	C:\Program Files\Java\jdk1.8.0_201\jre\bin\zip.dll
0x00007ff8d09d0000 - 0x00007ff8d10b7000 	C:\WINDOWS\System32\SHELL32.dll
0x00007ff8d1a00000 - 0x00007ff8d1aa9000 	C:\WINDOWS\System32\shcore.dll
0x00007ff8cee70000 - 0x00007ff8cf5f0000 	C:\WINDOWS\System32\windows.storage.dll
0x00007ff8cec80000 - 0x00007ff8ceca3000 	C:\WINDOWS\System32\profapi.dll
0x00007ff8cec30000 - 0x00007ff8cec7a000 	C:\WINDOWS\System32\powrprof.dll
0x00007ff8cec00000 - 0x00007ff8cec10000 	C:\WINDOWS\System32\UMPDC.dll
0x00007ff8d1ab0000 - 0x00007ff8d1b02000 	C:\WINDOWS\System32\shlwapi.dll
0x00007ff8cec10000 - 0x00007ff8cec21000 	C:\WINDOWS\System32\kernel.appcore.dll
0x00007ff8cfbc0000 - 0x00007ff8cfbd7000 	C:\WINDOWS\System32\cryptsp.dll
0x00007ff8cae20000 - 0x00007ff8cae2a000 	C:\Program Files\NetBeans-12.0\netbeans\java\maven\lib\jansi-native\windows64\jansi.dll
0x00007ff8c61c0000 - 0x00007ff8c61da000 	C:\Program Files\Java\jdk1.8.0_201\jre\bin\net.dll
0x00007ff8c53a0000 - 0x00007ff8c5576000 	C:\WINDOWS\SYSTEM32\urlmon.dll
0x00007ff8c26e0000 - 0x00007ff8c2986000 	C:\WINDOWS\SYSTEM32\iertutil.dll
0x00007ff8ce5c0000 - 0x00007ff8ce5cc000 	C:\WINDOWS\SYSTEM32\CRYPTBASE.DLL
0x00007ff8ce3f0000 - 0x00007ff8ce457000 	C:\WINDOWS\system32\mswsock.dll
0x00007ff8c5380000 - 0x00007ff8c5391000 	C:\Program Files\Java\jdk1.8.0_201\jre\bin\nio.dll

VM Arguments:
jvm_args: -Dclassworlds.conf=C:\Program Files\NetBeans-12.0\netbeans\java\maven\bin\..\bin\m2.conf -Dmaven.home=C:\Program Files\NetBeans-12.0\netbeans\java\maven\bin\.. -Dlibrary.jansi.path=C:\Program Files\NetBeans-12.0\netbeans\java\maven\bin\..\lib\jansi-native -Dmaven.multiModuleProjectDirectory=C:\Users\Admin\OneDrive\Documents\NationalTestOnline\testonline 
java_command: org.codehaus.plexus.classworlds.launcher.Launcher -Dnetbeans.deploy=true -Dmaven.ext.class.path=C:\Program Files\NetBeans-12.0\netbeans\java\maven-nblib\netbeans-eventspy.jar -Dfile.encoding=UTF-8 package
java_class_path (initial): C:\Program Files\NetBeans-12.0\netbeans\java\maven\bin\..\boot\plexus-classworlds-2.6.0.jar
Launcher Type: SUN_STANDARD

Environment Variables:
JAVA_HOME=C:\Program Files\Java\jdk1.8.0_201
PATH=C:\Program Files (x86)\Common Files\Oracle\Java\javapath;C:\Program Files (x86)\Intel\iCLS Client\;C:\Program Files\Intel\iCLS Client\;C:\WINDOWS\system32;C:\WINDOWS;C:\WINDOWS\System32\Wbem;C:\WINDOWS\System32\WindowsPowerShell\v1.0\;C:\Program Files (x86)\Intel\Intel(R) Management Engine Components\DAL;C:\Program Files\Intel\Intel(R) Management Engine Components\DAL;C:\Program Files (x86)\Intel\Intel(R) Management Engine Components\IPT;C:\Program Files\Intel\Intel(R) Management Engine Components\IPT;C:\WINDOWS\System32\OpenSSH\;C:\ProgramData\chocolatey\bin;C:\Program Files\Git\cmd;C:\Program Files\nodejs\;C:\Users\Admin\AppData\Local\Microsoft\WindowsApps;C:\Modeltech_pe_edu_10.4a\win32pe_edu;C:\Program Files\Java\jdk1.8.0_201\bin;C:\Users\Admin\AppData\Roaming\npm
USERNAME=Admin
OS=Windows_NT
PROCESSOR_IDENTIFIER=Intel64 Family 6 Model 142 Stepping 9, GenuineIntel



---------------  S Y S T E M  ---------------

OS: Windows 10.0 , 64 bit Build 18362 (10.0.18362.1082)

CPU:total 4 (initial active 4) (2 cores per cpu, 2 threads per core) family 6 model 142 stepping 9, cmov, cx8, fxsr, mmx, sse, sse2, sse3, ssse3, sse4.1, sse4.2, popcnt, avx, avx2, aes, clmul, erms, 3dnowpref, lzcnt, ht, tsc, tscinvbit, bmi1, bmi2, adx

Memory: 4k page, physical 4073152k(331128k free), swap 5404352k(3584k free)

vm_info: Java HotSpot(TM) 64-Bit Server VM (25.201-b09) for windows-amd64 JRE (1.8.0_201-b09), built on Dec 15 2018 18:36:39 by "java_re" with MS VC++ 10.0 (VS2010)

time: Tue Sep 29 10:42:26 2020
timezone: SE Asia Standard Time
elapsed time: 32 seconds (0d 0h 0m 32s)

